<?xml version="1.0" encoding="UTF-8"?>
<Site BuildName="Linux-c++"
	BuildStamp="20240227-2228-Experimental"
	Name="machina"
	Generator="ctest-3.22.1"
	CompilerName="/usr/bin/c++"
	CompilerVersion="11.4.0"
	OSName="Linux"
	Hostname="machina"
	OSRelease="6.5.0-21-generic"
	OSVersion="#21~22.04.1-Ubuntu SMP PREEMPT_DYNAMIC Fri Feb  9 13:32:52 UTC 2"
	OSPlatform="x86_64"
	Is64Bits="1"
	VendorString="GenuineIntel"
	VendorID="Intel Corporation"
	FamilyID="6"
	ModelID="69"
	ProcessorCacheSize="3072"
	NumberOfLogicalCPU="4"
	NumberOfPhysicalCPU="2"
	TotalVirtualMemory="1906"
	TotalPhysicalMemory="7811"
	LogicalProcessorsPerPhysical="2"
	ProcessorClockFrequency="798.132"
	>
	<Testing>
		<StartDateTime>Feb 27 19:28 -03</StartDateTime>
		<StartTestTime>1709072906</StartTestTime>
		<TestList/>
		<EndDateTime>Feb 27 19:28 -03</EndDateTime>
		<EndTestTime>1709072906</EndTestTime>
		<ElapsedMinutes>0</ElapsedMinutes>
	</Testing>
</Site>
