<?xml version="1.0" encoding="UTF-8"?>
<Site BuildName="Linux-c++"
	BuildStamp="20240219-1514-Experimental"
	Name="machina"
	Generator="ctest-3.22.1"
	CompilerName="/usr/bin/c++"
	CompilerVersion="11.4.0"
	OSName="Linux"
	Hostname="machina"
	OSRelease="6.5.0-17-generic"
	OSVersion="#17~22.04.1-Ubuntu SMP PREEMPT_DYNAMIC Tue Jan 16 14:32:32 UTC 2"
	OSPlatform="x86_64"
	Is64Bits="1"
	VendorString="GenuineIntel"
	VendorID="Intel Corporation"
	FamilyID="6"
	ModelID="69"
	ProcessorCacheSize="3072"
	NumberOfLogicalCPU="4"
	NumberOfPhysicalCPU="2"
	TotalVirtualMemory="1906"
	TotalPhysicalMemory="7811"
	LogicalProcessorsPerPhysical="2"
	ProcessorClockFrequency="798.164"
	>
	<Testing>
		<StartDateTime>Feb 19 12:14 -03</StartDateTime>
		<StartTestTime>1708355648</StartTestTime>
		<TestList/>
		<EndDateTime>Feb 19 12:14 -03</EndDateTime>
		<EndTestTime>1708355648</EndTestTime>
		<ElapsedMinutes>0</ElapsedMinutes>
	</Testing>
</Site>
